[debug] [2025-08-22T04:17:47.825Z] ----------------------------------------------------------------------
[debug] [2025-08-22T04:17:47.831Z] Command:       C:\Program Files\nodejs\node.exe C:\Users\franc\AppData\Roaming\npm\node_modules\firebase-tools\lib\bin\firebase.js init
[debug] [2025-08-22T04:17:47.832Z] CLI Version:   14.14.0
[debug] [2025-08-22T04:17:47.832Z] Platform:      win32
[debug] [2025-08-22T04:17:47.832Z] Node Version:  v22.12.0
[debug] [2025-08-22T04:17:47.832Z] Time:          Fri Aug 22 2025 01:17:47 GMT-0300 (Horário Padrão de Brasília)
[debug] [2025-08-22T04:17:47.832Z] ----------------------------------------------------------------------
[debug] 
[debug] [2025-08-22T04:17:47.844Z] > command requires scopes: ["email","openid","https://www.googleapis.com/auth/cloudplatformprojects.readonly","https://www.googleapis.com/auth/firebase","https://www.googleapis.com/auth/cloud-platform"]
[debug] [2025-08-22T04:17:47.845Z] > authorizing via signed-in user (mendesfranco224@gmail.com)
[info] 
     ######## #### ########  ######## ########     ###     ######  ########
     ##        ##  ##     ## ##       ##     ##  ##   ##  ##       ##
     ######    ##  ########  ######   ########  #########  ######  ######
     ##        ##  ##    ##  ##       ##     ## ##     ##       ## ##
     ##       #### ##     ## ######## ########  ##     ##  ######  ########

You're about to initialize a Firebase project in this directory:

  C:\Users\franc\Desktop\APP Davi

[info] 
=== Project Setup
[info] 
[info] First, let's associate this project directory with a Firebase project.
[info] You can create multiple project aliases by running firebase use --add, 
[info] but for now we'll just set up a default project.
[info] 
[debug] [2025-08-22T04:18:06.298Z] Checked if tokens are valid: true, expires at: 1755839835321
[debug] [2025-08-22T04:18:06.299Z] Checked if tokens are valid: true, expires at: 1755839835321
[debug] [2025-08-22T04:18:06.303Z] >>> [apiv2][query] GET https://firebase.googleapis.com/v1beta1/projects pageSize=100
[debug] [2025-08-22T04:18:07.190Z] <<< [apiv2][status] GET https://firebase.googleapis.com/v1beta1/projects 200
[debug] [2025-08-22T04:18:07.190Z] <<< [apiv2][body] GET https://firebase.googleapis.com/v1beta1/projects [omitted]
[info] i  Using project appdelivery-38949 (APPdelivery) 
[info] 
=== Firestore Setup
[info] i  firestore: ensuring required API firestore.googleapis.com is enabled... 
[debug] [2025-08-22T04:18:12.169Z] Checked if tokens are valid: true, expires at: 1755839835321
[debug] [2025-08-22T04:18:12.169Z] Checked if tokens are valid: true, expires at: 1755839835321
[debug] [2025-08-22T04:18:12.170Z] >>> [apiv2][query] GET https://serviceusage.googleapis.com/v1/projects/appdelivery-38949/services/firestore.googleapis.com [none]
[debug] [2025-08-22T04:18:12.170Z] >>> [apiv2][(partial)header] GET https://serviceusage.googleapis.com/v1/projects/appdelivery-38949/services/firestore.googleapis.com x-goog-quota-user=projects/appdelivery-38949
[debug] [2025-08-22T04:18:13.469Z] <<< [apiv2][status] GET https://serviceusage.googleapis.com/v1/projects/appdelivery-38949/services/firestore.googleapis.com 200
[debug] [2025-08-22T04:18:13.469Z] <<< [apiv2][body] GET https://serviceusage.googleapis.com/v1/projects/appdelivery-38949/services/firestore.googleapis.com [omitted]
[info] +  firestore: required API firestore.googleapis.com is enabled 
[debug] [2025-08-22T04:18:13.482Z] Checked if tokens are valid: true, expires at: 1755839835321
[debug] [2025-08-22T04:18:13.483Z] Checked if tokens are valid: true, expires at: 1755839835321
[debug] [2025-08-22T04:18:13.483Z] >>> [apiv2][query] GET https://firestore.googleapis.com/v1/projects/appdelivery-38949/databases [none]
[debug] [2025-08-22T04:18:14.267Z] <<< [apiv2][status] GET https://firestore.googleapis.com/v1/projects/appdelivery-38949/databases 200
[debug] [2025-08-22T04:18:14.268Z] <<< [apiv2][body] GET https://firestore.googleapis.com/v1/projects/appdelivery-38949/databases {"databases":[{"name":"projects/appdelivery-38949/databases/(default)","uid":"9b4906dc-f701-463c-9a66-059c0d6b0167","createTime":"2025-08-22T04:11:38.838627Z","updateTime":"2025-08-22T04:11:38.838627Z","locationId":"southamerica-east1","type":"FIRESTORE_NATIVE","concurrencyMode":"PESSIMISTIC","versionRetentionPeriod":"3600s","earliestVersionTime":"2025-08-22T04:11:38.838627Z","appEngineIntegrationMode":"DISABLED","keyPrefix":"i","pointInTimeRecoveryEnablement":"POINT_IN_TIME_RECOVERY_DISABLED","deleteProtectionState":"DELETE_PROTECTION_DISABLED","databaseEdition":"STANDARD","freeTier":true,"etag":"ILnZjPXHnY8DMKGP1sHGnY8D"}]}
[info] 
[info] Firestore Security Rules allow you to define how and when to allow
[info] requests. You can keep these rules in your project directory
[info] and publish them with firebase deploy.
[info] 
[debug] [2025-08-22T04:18:16.409Z] Checked if tokens are valid: true, expires at: 1755839835321
[debug] [2025-08-22T04:18:16.409Z] Checked if tokens are valid: true, expires at: 1755839835321
[debug] [2025-08-22T04:18:16.410Z] >>> [apiv2][query] GET https://firebaserules.googleapis.com/v1/projects/appdelivery-38949/releases pageSize=10&pageToken=
[debug] [2025-08-22T04:18:17.692Z] <<< [apiv2][status] GET https://firebaserules.googleapis.com/v1/projects/appdelivery-38949/releases 200
[debug] [2025-08-22T04:18:17.692Z] <<< [apiv2][body] GET https://firebaserules.googleapis.com/v1/projects/appdelivery-38949/releases {"releases":[{"name":"projects/appdelivery-38949/releases/cloud.firestore","rulesetName":"projects/appdelivery-38949/rulesets/4bcaeb26-c7d8-44ac-8bf4-5cf8fad28870","createTime":"2025-08-22T04:11:44.140529Z","updateTime":"2025-08-22T04:11:44.140529Z"}]}
[debug] [2025-08-22T04:18:17.693Z] Checked if tokens are valid: true, expires at: 1755839835321
[debug] [2025-08-22T04:18:17.693Z] Checked if tokens are valid: true, expires at: 1755839835321
[debug] [2025-08-22T04:18:17.693Z] >>> [apiv2][query] GET https://firebaserules.googleapis.com/v1/projects/appdelivery-38949/rulesets/4bcaeb26-c7d8-44ac-8bf4-5cf8fad28870 [none]
[debug] [2025-08-22T04:18:18.797Z] <<< [apiv2][status] GET https://firebaserules.googleapis.com/v1/projects/appdelivery-38949/rulesets/4bcaeb26-c7d8-44ac-8bf4-5cf8fad28870 200
[debug] [2025-08-22T04:18:18.798Z] <<< [apiv2][body] GET https://firebaserules.googleapis.com/v1/projects/appdelivery-38949/rulesets/4bcaeb26-c7d8-44ac-8bf4-5cf8fad28870 [omitted]
[info] i  Downloaded the existing Firestore Security Rules from the Firebase console 
[info] 
[info] Firestore indexes allow you to perform complex queries while
[info] maintaining performance that scales with the size of the result
[info] set. You can keep index definitions in your project directory
[info] and publish them with firebase deploy.
[info] 
